<?xml version="1.0" encoding="UTF-8"?>
<!-- Generated by org.testng.reporters.JUnitReportReporter -->
<testsuite skipped="0" hostname="LAPTOP-UR72A20M" name="com.eddiebauer.testcase.TC01_ClickHomePage" tests="1" failures="0" timestamp="25 Nov 2020 19:12:29 GMT" time="28.890" errors="0">
  <testcase name="testClickViewAllOffers" time="28.890" classname="com.eddiebauer.testcase.TC01_ClickHomePage"/>
</testsuite> <!-- com.eddiebauer.testcase.TC01_ClickHomePage -->
